timestamp: 2012-03-31T20:36:51.819828
CREATE TABLE person(
    id INTEGER PRIMARY KEY AUTOINCREMENT,
    name CHAR(512),
    email CHAR(512)
);
success!
timestamp: 2012-03-31T20:36:51.965476
CREATE TABLE dog(
    id INTEGER PRIMARY KEY AUTOINCREMENT,
    owner_id INTEGER REFERENCES person(id) ON DELETE CASCADE,
    name CHAR(512),
    type CHAR(512),
    vaccinated CHAR(1),
    picture CHAR(512)
);
success!
timestamp: 2012-03-31T20:36:52.068053
CREATE TABLE product(
    id INTEGER PRIMARY KEY AUTOINCREMENT,
    name CHAR(512),
    description TEXT
);
success!
timestamp: 2012-03-31T20:36:52.181340
CREATE TABLE purchase(
    id INTEGER PRIMARY KEY AUTOINCREMENT,
    buyer_id INTEGER REFERENCES person(id) ON DELETE CASCADE,
    product_id INTEGER REFERENCES product(id) ON DELETE CASCADE,
    quantity INTEGER
);
success!
